2025-07-05 02:35:35,967 - INFO - === Début du traitement des rapports ===
2025-07-05 02:35:35,969 - WARNING - Aucun fichier Excel trouvé dans xls_folder
2025-07-05 02:35:35,969 - INFO - Fichiers temporaires nettoyés
2025-07-05 02:35:35,971 - INFO - === Résumé du traitement ===
2025-07-05 02:35:35,971 - INFO - Fichiers traités avec succès: 0
2025-07-05 02:35:35,971 - INFO - Fichiers échoués: 0
2025-07-05 02:35:35,971 - INFO - Durée du traitement: 0:00:00.004120
2025-07-05 22:30:33,346 - WARNING - No se pudo cargar config.json, usando valores por defecto. Error: Expecting value: line 1 column 1 (char 0)
2025-07-05 22:38:46,788 - INFO - 1 archivo(s) añadido(s) a la carpeta de entrada.
2025-07-05 22:39:04,156 - INFO - === Inicio del procesamiento de reportes ===
2025-07-05 22:39:04,162 - INFO - Procesando 2 archivos...
2025-07-05 22:39:04,252 - INFO - Reporte intermedio generado: reports\fichier2_reporte.txt
2025-07-05 22:39:04,267 - INFO - Reporte final generado: C:\Users\charl\Desktop\code-Altice\rapport2\fichier2_reporte_final.txt
2025-07-05 22:39:04,330 - INFO - Reporte intermedio generado: reports\sample_report_reporte.txt
2025-07-05 22:39:04,344 - INFO - Reporte final generado: C:\Users\charl\Desktop\code-Altice\rapport2\sample_report_reporte_final.txt
2025-07-05 22:39:04,356 - INFO - Archivos temporales limpiados.
2025-07-05 22:39:04,356 - INFO - === Resumen del procesamiento ===
2025-07-05 22:39:04,356 - INFO - Archivos procesados con éxito: 2
2025-07-05 22:39:04,359 - INFO - Archivos con errores: 0
2025-07-05 22:39:04,360 - INFO - Duración total: 0:00:00.199762
2025-07-05 22:39:04,360 - INFO - ==================== RESUMEN ====================
2025-07-05 22:39:04,361 - INFO - Procesamiento finalizado en 0:00:00.199762.
2025-07-05 22:48:13,106 - INFO - 1 archivo(s) añadido(s) a la carpeta de entrada.
2025-07-05 22:48:18,394 - INFO - Extrayendo información de 3 archivos...
2025-07-05 22:48:18,398 - INFO - Procesando: fichier1.csv
2025-07-05 22:48:18,471 - INFO - Reporte intermedio generado: C:\Users\charl\Desktop\code-Altice\reports\fichier1_reporte.txt
2025-07-05 22:48:18,486 - INFO - Procesando: fichier2.csv
2025-07-05 22:48:18,544 - INFO - Reporte intermedio generado: C:\Users\charl\Desktop\code-Altice\reports\fichier2_reporte.txt
2025-07-05 22:48:18,551 - INFO - Procesando: sample_report.csv
2025-07-05 22:48:18,558 - INFO - Reporte intermedio generado: C:\Users\charl\Desktop\code-Altice\reports\sample_report_reporte.txt
2025-07-05 22:48:22,550 - INFO - Generando 3 reportes finales...
2025-07-05 22:48:22,557 - INFO - Reporte final generado: C:\Users\charl\Desktop\code-Altice\rapport2\fichier1_reporte_final.txt
2025-07-05 22:48:22,584 - INFO - Reporte final generado: C:\Users\charl\Desktop\code-Altice\rapport2\fichier2_reporte_final.txt
2025-07-05 22:48:22,606 - INFO - Reporte final generado: C:\Users\charl\Desktop\code-Altice\rapport2\sample_report_reporte_final.txt
2025-07-05 22:48:22,608 - INFO - Archivos temporales limpiados.
2025-07-05 22:54:27,964 - INFO - Extrayendo información de 3 archivos...
2025-07-05 22:54:27,964 - INFO - Procesando: fichier1.csv
2025-07-05 22:54:28,019 - INFO - Reporte intermedio generado: C:\Users\charl\Desktop\code-Altice\reports\fichier1_reporte.txt
2025-07-05 22:54:28,038 - INFO - Procesando: fichier2.csv
2025-07-05 22:54:28,100 - INFO - Reporte intermedio generado: C:\Users\charl\Desktop\code-Altice\reports\fichier2_reporte.txt
2025-07-05 22:54:28,110 - INFO - Procesando: sample_report.csv
2025-07-05 22:54:28,114 - INFO - Reporte intermedio generado: C:\Users\charl\Desktop\code-Altice\reports\sample_report_reporte.txt
2025-07-05 22:54:34,160 - INFO - Generando 3 reportes finales...
2025-07-05 22:54:34,164 - INFO - Reporte final generado: C:\Users\charl\Desktop\code-Altice\rapport2\fichier1_reporte_final.txt
2025-07-05 22:54:34,175 - INFO - Reporte final generado: C:\Users\charl\Desktop\code-Altice\rapport2\fichier2_reporte_final.txt
2025-07-05 22:54:34,194 - INFO - Reporte final generado: C:\Users\charl\Desktop\code-Altice\rapport2\sample_report_reporte_final.txt
2025-07-05 22:54:34,206 - INFO - Archivos temporales limpiados.
2025-07-05 22:55:16,386 - INFO - Extrayendo información de 3 archivos...
2025-07-05 22:55:16,389 - INFO - Procesando: fichier1.csv
2025-07-05 22:55:16,457 - INFO - Reporte intermedio generado: C:\Users\charl\Desktop\code-Altice\reports\fichier1_reporte.txt
2025-07-05 22:55:16,473 - INFO - Procesando: fichier2.csv
2025-07-05 22:55:16,518 - INFO - Reporte intermedio generado: C:\Users\charl\Desktop\code-Altice\reports\fichier2_reporte.txt
2025-07-05 22:55:16,518 - INFO - Procesando: sample_report.csv
2025-07-05 22:55:16,525 - INFO - Reporte intermedio generado: C:\Users\charl\Desktop\code-Altice\reports\sample_report_reporte.txt
2025-07-05 22:56:49,314 - INFO - GUI iniciada y lista. Haga clic en un archivo procesado para ver su contenido aquí.
2025-07-05 22:56:58,047 - INFO - 1 archivo(s) añadido(s) a la carpeta de entrada.
2025-07-05 22:57:00,818 - INFO - Extrayendo información de 4 archivos...
2025-07-05 22:57:00,820 - INFO - Procesando: comparison-report-2025-06-18T15-11-12-749Z.csv
2025-07-05 22:57:00,835 - INFO - Reporte intermedio generado: C:\Users\charl\Desktop\code-Altice\reports\comparison-report-2025-06-18T15-11-12-749Z_reporte.txt
2025-07-05 22:57:00,858 - INFO - Procesando: fichier1.csv
2025-07-05 22:57:00,917 - INFO - Reporte intermedio generado: C:\Users\charl\Desktop\code-Altice\reports\fichier1_reporte.txt
2025-07-05 22:57:00,923 - INFO - Procesando: fichier2.csv
2025-07-05 22:57:00,965 - INFO - Reporte intermedio generado: C:\Users\charl\Desktop\code-Altice\reports\fichier2_reporte.txt
2025-07-05 22:57:00,970 - INFO - Procesando: sample_report.csv
2025-07-05 22:57:00,977 - INFO - Reporte intermedio generado: C:\Users\charl\Desktop\code-Altice\reports\sample_report_reporte.txt
2025-07-05 22:57:06,847 - INFO - Generando 4 reportes finales...
2025-07-05 22:57:06,873 - INFO - Reporte final generado: C:\Users\charl\Desktop\code-Altice\rapport2\comparison-report-2025-06-18T15-11-12-749Z_reporte_final.txt
2025-07-05 22:57:06,895 - INFO - Reporte final generado: C:\Users\charl\Desktop\code-Altice\rapport2\fichier1_reporte_final.txt
2025-07-05 22:57:06,905 - INFO - Reporte final generado: C:\Users\charl\Desktop\code-Altice\rapport2\fichier2_reporte_final.txt
2025-07-05 22:57:06,911 - INFO - Reporte final generado: C:\Users\charl\Desktop\code-Altice\rapport2\sample_report_reporte_final.txt
2025-07-05 22:57:06,913 - INFO - Archivos temporales limpiados.
2025-07-05 23:03:02,286 - INFO - GUI iniciada y lista. Haga clic en un archivo procesado para ver su contenido aquí.
2025-07-05 23:03:20,038 - INFO - Extrayendo información de 4 archivos...
2025-07-05 23:03:20,041 - INFO - Procesando: comparison-report-2025-06-18T15-11-12-749Z.csv
2025-07-05 23:03:20,048 - INFO - Reporte intermedio generado: C:\Users\charl\Desktop\code-Altice\reports\comparison-report-2025-06-18T15-11-12-749Z_reporte.txt
2025-07-05 23:03:20,101 - INFO - Procesando: fichier1.csv
2025-07-05 23:03:20,149 - INFO - Reporte intermedio generado: C:\Users\charl\Desktop\code-Altice\reports\fichier1_reporte.txt
2025-07-05 23:03:20,162 - INFO - Procesando: fichier2.csv
2025-07-05 23:03:20,213 - INFO - Reporte intermedio generado: C:\Users\charl\Desktop\code-Altice\reports\fichier2_reporte.txt
2025-07-05 23:03:20,219 - INFO - Procesando: sample_report.csv
2025-07-05 23:03:20,223 - INFO - Reporte intermedio generado: C:\Users\charl\Desktop\code-Altice\reports\sample_report_reporte.txt
2025-07-05 23:03:22,799 - INFO - Generando 4 reportes finales...
2025-07-05 23:03:22,805 - INFO - Reporte final generado: C:\Users\charl\Desktop\code-Altice\rapport2\comparison-report-2025-06-18T15-11-12-749Z_reporte_final.txt
2025-07-05 23:03:22,811 - INFO - Reporte final generado: C:\Users\charl\Desktop\code-Altice\rapport2\fichier1_reporte_final.txt
2025-07-05 23:03:22,859 - INFO - Reporte final generado: C:\Users\charl\Desktop\code-Altice\rapport2\fichier2_reporte_final.txt
2025-07-05 23:03:22,863 - INFO - Reporte final generado: C:\Users\charl\Desktop\code-Altice\rapport2\sample_report_reporte_final.txt
2025-07-05 23:03:22,870 - INFO - Archivos temporales limpiados.
2025-07-05 23:03:45,280 - INFO - Archivo 'comparison-report-2025-06-18T15-11-12-749Z.csv' eliminado con éxito.
2025-07-05 23:03:48,342 - INFO - Archivo 'fichier2.csv' eliminado con éxito.
2025-07-05 23:03:52,116 - INFO - Archivo 'fichier1.csv' eliminado con éxito.
2025-07-05 23:03:57,101 - INFO - Archivo 'sample_report.csv' eliminado con éxito.
2025-07-05 23:19:03,674 - INFO - 1 archivo(s) añadido(s) a la carpeta de entrada.
2025-07-05 23:19:05,430 - INFO - Extrayendo información de 1 archivos...
2025-07-05 23:19:05,434 - INFO - Procesando: comparison-report-2025-06-18T15-11-12-749Z.csv
2025-07-05 23:19:05,435 - INFO - Reporte intermedio generado: C:\Users\charl\Desktop\code-Altice\reports\comparison-report-2025-06-18T15-11-12-749Z_reporte.txt
2025-07-05 23:19:08,045 - INFO - Generando 1 reportes finales...
2025-07-05 23:19:08,049 - INFO - Reporte final generado: C:\Users\charl\Desktop\code-Altice\rapport2\comparison-report-2025-06-18T15-11-12-749Z_reporte_final.txt
2025-07-05 23:19:08,053 - INFO - Archivos temporales limpiados.
2025-07-05 23:34:23,564 - INFO - Archivo 'comparison-report-2025-06-18T15-11-12-749Z.csv' eliminado con éxito.
